<?xml version="1.0" encoding="UTF-8"?>
<testsuite xmlns:xsi="http://www.w3.org/2001/XMLSchema-instance" xsi:noNamespaceSchemaLocation="https://maven.apache.org/surefire/maven-surefire-plugin/xsd/surefire-test-report.xsd" name="application.CoffeeDecoratorTest" time="0.136" tests="10" errors="0" skipped="0" failures="0">
  <properties>
[...]
</properties>
  <testcase name="test10" classname="application.CoffeeDecoratorTest" time="0.058"/>
  <testcase name="test1" classname="application.CoffeeDecoratorTest" time="0.002"/>
  <testcase name="test2" classname="application.CoffeeDecoratorTest" time="0.007"/>
  <testcase name="test3" classname="application.CoffeeDecoratorTest" time="0.012"/>
  <testcase name="test4" classname="application.CoffeeDecoratorTest" time="0.002"/>
  <testcase name="test5" classname="application.CoffeeDecoratorTest" time="0.004"/>
  <testcase name="test6" classname="application.CoffeeDecoratorTest" time="0"/>
  <testcase name="test7" classname="application.CoffeeDecoratorTest" time="0.002"/>
  <testcase name="test8" classname="application.CoffeeDecoratorTest" time="0"/>
  <testcase name="test9" classname="application.CoffeeDecoratorTest" time="0.003"/>
</testsuite>