<?xml version="1.0" encoding="UTF-8"?>
<testsuite xmlns:xsi="http://www.w3.org/2001/XMLSchema-instance" xsi:noNamespaceSchemaLocation="https://maven.apache.org/surefire/maven-surefire-plugin/xsd/surefire-test-report.xsd" name="ThreeCardLogicTest" time="0.014" tests="12" errors="0" skipped="0" failures="0">
  <properties>
[...]
</properties>
  <testcase name="notStraight" classname="ThreeCardLogicTest" time="0"/>
  <testcase name="notStraightFlush" classname="ThreeCardLogicTest" time="0"/>
  <testcase name="high" classname="ThreeCardLogicTest" time="0.001"/>
  <testcase name="pair" classname="ThreeCardLogicTest" time="0"/>
  <testcase name="flush" classname="ThreeCardLogicTest" time="0"/>
  <testcase name="evalHand" classname="ThreeCardLogicTest" time="0"/>
  <testcase name="threeOfKind" classname="ThreeCardLogicTest" time="0.001"/>
  <testcase name="notFlush" classname="ThreeCardLogicTest" time="0.001"/>
  <testcase name="straightFlush" classname="ThreeCardLogicTest" time="0.001"/>
  <testcase name="straight" classname="ThreeCardLogicTest" time="0"/>
  <testcase name="notThreeOfKind" classname="ThreeCardLogicTest" time="0.003"/>
  <testcase name="notPair" classname="ThreeCardLogicTest" time="0.002"/>
</testsuite>