<?xml version="1.0" encoding="UTF-8"?>
<testsuite xmlns:xsi="http://www.w3.org/2001/XMLSchema-instance" xsi:noNamespaceSchemaLocation="https://maven.apache.org/surefire/maven-surefire-plugin/xsd/surefire-test-report.xsd" name="DealerTest" time="0.004" tests="4" errors="0" skipped="0" failures="0">
  <properties>
[...]
</properties>
  <testcase name="t1" classname="DealerTest" time="0"/>
  <testcase name="t2" classname="DealerTest" time="0"/>
  <testcase name="t3" classname="DealerTest" time="0"/>
  <testcase name="t4" classname="DealerTest" time="0.003"/>
</testsuite>