-------------------------------------------------------------------------------
Test set: ListTest
-------------------------------------------------------------------------------
Tests run: 1, Failures: 1, Errors: 0, Skipped: 0, Time elapsed: 0.02 s <<< FAILURE! - in ListTest
test  Time elapsed: 0.016 s  <<< FAILURE!
org.opentest4j.AssertionFailedError: Not yet implemented
	at ListTest.test(ListTest.java:10)

